SQLSTATE[42000]: Syntax error or access violation: 1064 You have an error in your SQL syntax; check the manual that corresponds to your MySQL server version for the right syntax to use near 'SELCT * FROM news WHERE id='54'' at line 1 C:\OpenServer\domains\proglivePhpLvl2\classes\DB.php 38 1425740423
SQLSTATE[42000]: Syntax error or access violation: 1064 You have an error in your SQL syntax; check the manual that corresponds to your MySQL server version for the right syntax to use near 'SELCT * FROM news WHERE id='54'' at line 1 C:\OpenServer\domains\proglivePhpLvl2\classes\DB.php 38 1425740429
SQLSTATE[42000]: Syntax error or access violation: 1064 You have an error in your SQL syntax; check the manual that corresponds to your MySQL server version for the right syntax to use near 'SELCT * FROM news WHERE id='54'' at line 1 C:\OpenServer\domains\proglivePhpLvl2\classes\DB.php 38 1425740441
SQLSTATE[42000]: Syntax error or access violation: 1064 You have an error in your SQL syntax; check the manual that corresponds to your MySQL server version for the right syntax to use near 'SELCT * FROM news ORDER BY date DESC' at line 1 C:\OpenServer\domains\proglivePhpLvl2\classes\DB.php 38 1425740513
SQLSTATE[42000]: Syntax error or access violation: 1064 You have an error in your SQL syntax; check the manual that corresponds to your MySQL server version for the right syntax to use near 'INSET INTO news (title, description) VALUES ('Тестирую errorException', ' at line 1 C:\OpenServer\domains\proglivePhpLvl2\classes\DB.php 59 1425740678
SQLSTATE[HY000] [1045] Access denied for user 'roo'@'localhost' (using password: NO) C:\OpenServer\domains\proglivePhpLvl2\classes\DB.php 19 1425796230 
SQLSTATE[HY000] [1045] Access denied for user 'root'@'localhost' (using password: YES) C:\OpenServer\domains\proglivePhpLvl2\classes\DB.php 19 1425796247 
 C:\OpenServer\domains\proglivePhpLvl2\index.php 25 1425963888 
 C:\OpenServer\domains\proglivePhpLvl2\index.php 25 1425963910 
SQLSTATE[42000]: Syntax error or access violation: 1064 You have an error in your SQL syntax; check the manual that corresponds to your MySQL server version for the right syntax to use near 'FOM news ORDER BY date DESC' at line 1 C:\OpenServer\domains\proglivePhpLvl2\index.php 25 1425963932 
SQLSTATE[42000]: Syntax error or access violation: 1064 You have an error in your SQL syntax; check the manual that corresponds to your MySQL server version for the right syntax to use near 'FOM news ORDER BY date DESC' at line 1 C:\OpenServer\domains\proglivePhpLvl2\index.php 25 1425963937 
SQLSTATE[42000]: Syntax error or access violation: 1064 You have an error in your SQL syntax; check the manual that corresponds to your MySQL server version for the right syntax to use near 'SEECT * FROM news WHERE id='56'' at line 1 C:\OpenServer\domains\proglivePhpLvl2\index.php 25 1425963969 
SQLSTATE[42000]: Syntax error or access violation: 1064 You have an error in your SQL syntax; check the manual that corresponds to your MySQL server version for the right syntax to use near 'SEECT * FROM news WHERE id='56'' at line 1 C:\OpenServer\domains\proglivePhpLvl2\index.php 25 1425963982 
SQLSTATE[42000]: Syntax error or access violation: 1064 You have an error in your SQL syntax; check the manual that corresponds to your MySQL server version for the right syntax to use near 'INSET INTO news (title, description) VALUES ('foo', 'bar')' at line 1 C:\OpenServer\domains\proglivePhpLvl2\index.php 25 1425964062 
SQLSTATE[HY000] [1045] Access denied for user 'rot'@'localhost' (using password: NO) C:\OpenServer\domains\proglivePhpLvl2\index.php 25 1425964130 
Контроллер не найден C:\OpenServer\domains\proglivePhpLvl2\index.php 30 1426051356 
Страница не найдена C:\OpenServer\domains\proglivePhpLvl2\index.php 30 1426051556 
Страница не найдена C:\OpenServer\domains\proglivePhpLvl2\index.php 30 1426051559 
Страница не найдена C:\OpenServer\domains\proglivePhpLvl2\index.php 30 1426051562 
Страница не найдена C:\OpenServer\domains\proglivePhpLvl2\index.php 30 1426051565 
Страница не найдена C:\OpenServer\domains\proglivePhpLvl2\index.php 30 1426051567 
Страница не найдена C:\OpenServer\domains\proglivePhpLvl2\index.php 30 1426051570 
Страница не найдена C:\OpenServer\domains\proglivePhpLvl2\index.php 30 1426051573 
Контроллер не найден C:\OpenServer\domains\proglivePhpLvl2\index.php 30 1426051590 
Контроллер не найден C:\OpenServer\domains\proglivePhpLvl2\index.php 30 1426051592 
Контроллер не найден C:\OpenServer\domains\proglivePhpLvl2\index.php 30 1426051601 
Контроллер не найден C:\OpenServer\domains\proglivePhpLvl2\index.php 30 1426051647 
Контроллер не найден C:\OpenServer\domains\proglivePhpLvl2\index.php 30 1426051695 
